<?xml version="1.0" encoding="UTF-8"?>
<testng-results ignored="0" total="2" passed="2" failed="0" skipped="0">
  <reporter-output>
  </reporter-output>
  <suite started-at="2025-02-05T15:40:56 IST" name="Default suite" finished-at="2025-02-05T15:41:04 IST" duration-ms="8135">
    <groups>
      <group name="cucumber">
        <method signature="AbstractTestNGCucumberTests.runScenario(io.cucumber.testng.PickleWrapper,io.cucumber.testng.FeatureWrapper)[pri:0, instance:CucumberTestRunner.TestRunner@139982de]" name="runScenario" class="io.cucumber.testng.AbstractTestNGCucumberTests"/>
      </group> <!-- cucumber -->
    </groups>
    <test started-at="2025-02-05T15:40:56 IST" name="Default test" finished-at="2025-02-05T15:41:04 IST" duration-ms="8135">
      <class name="CucumberTestRunner.TestRunner">
        <test-method is-config="true" signature="setUpClass(org.testng.ITestContext)[pri:0, instance:CucumberTestRunner.TestRunner@139982de]" started-at="2025-02-05T15:40:56 IST" name="setUpClass" finished-at="2025-02-05T15:40:56 IST" duration-ms="404" status="PASS">
          <params>
            <param index="0">
              <value>
                <![CDATA[org.testng.TestRunner@373f7450]]>
              </value>
            </param>
          </params>
          <reporter-output>
          </reporter-output>
        </test-method> <!-- setUpClass -->
        <test-method signature="runScenario(io.cucumber.testng.PickleWrapper,io.cucumber.testng.FeatureWrapper)[pri:0, instance:CucumberTestRunner.TestRunner@139982de]" started-at="2025-02-05T15:40:56 IST" name="runScenario" description="Runs Cucumber Scenarios" data-provider="scenarios" finished-at="2025-02-05T15:40:58 IST" duration-ms="2222" status="PASS">
          <params>
            <param index="0">
              <value>
                <![CDATA["verify success login"]]>
              </value>
            </param>
            <param index="1">
              <value>
                <![CDATA["verify swag demo login"]]>
              </value>
            </param>
          </params>
          <reporter-output>
          </reporter-output>
        </test-method> <!-- runScenario -->
        <test-method signature="runScenario(io.cucumber.testng.PickleWrapper,io.cucumber.testng.FeatureWrapper)[pri:0, instance:CucumberTestRunner.TestRunner@139982de]" started-at="2025-02-05T15:40:58 IST" name="runScenario" description="Runs Cucumber Scenarios" data-provider="scenarios" finished-at="2025-02-05T15:41:04 IST" duration-ms="5456" status="PASS">
          <params>
            <param index="0">
              <value>
                <![CDATA["verify success login orangeHRM"]]>
              </value>
            </param>
            <param index="1">
              <value>
                <![CDATA["verify swag demo login"]]>
              </value>
            </param>
          </params>
          <reporter-output>
          </reporter-output>
        </test-method> <!-- runScenario -->
        <test-method is-config="true" signature="tearDownClass()[pri:0, instance:CucumberTestRunner.TestRunner@139982de]" started-at="2025-02-05T15:41:04 IST" name="tearDownClass" finished-at="2025-02-05T15:41:04 IST" duration-ms="16" status="PASS">
          <reporter-output>
          </reporter-output>
        </test-method> <!-- tearDownClass -->
      </class> <!-- CucumberTestRunner.TestRunner -->
    </test> <!-- Default test -->
  </suite> <!-- Default suite -->
</testng-results>
