<?xml version="1.0" encoding="UTF-8"?>
<!-- Generated by org.testng.reporters.JUnitXMLReporter -->
<testsuite ignored="0" hostname="QZ-LT-199" failures="0" tests="200" name="Default test" time="1949.336" errors="0" timestamp="2025-01-02T16:49:35 IST">
  <testcase classname="executionClasses.FormTest" name="test" time="5.293"/>
  <testcase classname="executionClasses.FormTest" name="test" time="4.776"/>
  <testcase classname="executionClasses.FormTest" name="test" time="4.031"/>
  <testcase classname="executionClasses.FormTest" name="test" time="4.358"/>
  <testcase classname="executionClasses.FormTest" name="test" time="4.264"/>
  <testcase classname="executionClasses.FormTest" name="test" time="4.236"/>
  <testcase classname="executionClasses.FormTest" name="test" time="3.877"/>
  <testcase classname="executionClasses.FormTest" name="test" time="3.633"/>
  <testcase classname="executionClasses.FormTest" name="test" time="3.997"/>
  <testcase classname="executionClasses.FormTest" name="test" time="3.688"/>
  <testcase classname="executionClasses.FormTest" name="test" time="3.817"/>
  <testcase classname="executionClasses.FormTest" name="test" time="3.841"/>
  <testcase classname="executionClasses.FormTest" name="test" time="4.18"/>
  <testcase classname="executionClasses.FormTest" name="test" time="4.121"/>
  <testcase classname="executionClasses.FormTest" name="test" time="4.011"/>
  <testcase classname="executionClasses.FormTest" name="test" time="3.939"/>
  <testcase classname="executionClasses.FormTest" name="test" time="4.207"/>
  <testcase classname="executionClasses.FormTest" name="test" time="3.811"/>
  <testcase classname="executionClasses.FormTest" name="test" time="3.965"/>
  <testcase classname="executionClasses.FormTest" name="test" time="3.988"/>
  <testcase classname="executionClasses.FormTest" name="test" time="4.146"/>
  <testcase classname="executionClasses.FormTest" name="test" time="4.867"/>
  <testcase classname="executionClasses.FormTest" name="test" time="4.113"/>
  <testcase classname="executionClasses.FormTest" name="test" time="4.212"/>
  <testcase classname="executionClasses.FormTest" name="test" time="3.979"/>
  <testcase classname="executionClasses.FormTest" name="test" time="3.941"/>
  <testcase classname="executionClasses.FormTest" name="test" time="4.024"/>
  <testcase classname="executionClasses.FormTest" name="test" time="4.098"/>
  <testcase classname="executionClasses.FormTest" name="test" time="3.807"/>
  <testcase classname="executionClasses.FormTest" name="test" time="3.861"/>
  <testcase classname="executionClasses.FormTest" name="test" time="3.847"/>
  <testcase classname="executionClasses.FormTest" name="test" time="3.603"/>
  <testcase classname="executionClasses.FormTest" name="test" time="3.923"/>
  <testcase classname="executionClasses.FormTest" name="test" time="4.603"/>
  <testcase classname="executionClasses.FormTest" name="test" time="3.598"/>
  <testcase classname="executionClasses.FormTest" name="test" time="3.705"/>
  <testcase classname="executionClasses.FormTest" name="test" time="3.86"/>
  <testcase classname="executionClasses.FormTest" name="test" time="3.931"/>
  <testcase classname="executionClasses.FormTest" name="test" time="3.746"/>
  <testcase classname="executionClasses.FormTest" name="test" time="3.735"/>
  <testcase classname="executionClasses.FormTest" name="test" time="3.768"/>
  <testcase classname="executionClasses.FormTest" name="test" time="3.795"/>
  <testcase classname="executionClasses.FormTest" name="test" time="3.765"/>
  <testcase classname="executionClasses.FormTest" name="test" time="4.616"/>
  <testcase classname="executionClasses.FormTest" name="test" time="3.668"/>
  <testcase classname="executionClasses.FormTest" name="test" time="3.827"/>
  <testcase classname="executionClasses.FormTest" name="test" time="3.92"/>
  <testcase classname="executionClasses.FormTest" name="test" time="3.845"/>
  <testcase classname="executionClasses.FormTest" name="test" time="4.047"/>
  <testcase classname="executionClasses.FormTest" name="test" time="3.964"/>
  <testcase classname="executionClasses.FormTest" name="test" time="3.862"/>
  <testcase classname="executionClasses.FormTest" name="test" time="4.119"/>
  <testcase classname="executionClasses.FormTest" name="test" time="4.045"/>
  <testcase classname="executionClasses.FormTest" name="test" time="4.039"/>
  <testcase classname="executionClasses.FormTest" name="test" time="4.72"/>
  <testcase classname="executionClasses.FormTest" name="test" time="6.038"/>
  <testcase classname="executionClasses.FormTest" name="test" time="3.748"/>
  <testcase classname="executionClasses.FormTest" name="test" time="3.985"/>
  <testcase classname="executionClasses.FormTest" name="test" time="3.893"/>
  <testcase classname="executionClasses.FormTest" name="test" time="3.744"/>
  <testcase classname="executionClasses.FormTest" name="test" time="3.969"/>
  <testcase classname="executionClasses.FormTest" name="test" time="3.705"/>
  <testcase classname="executionClasses.FormTest" name="test" time="3.827"/>
  <testcase classname="executionClasses.FormTest" name="test" time="3.885"/>
  <testcase classname="executionClasses.FormTest" name="test" time="4.554"/>
  <testcase classname="executionClasses.FormTest" name="test" time="3.618"/>
  <testcase classname="executionClasses.FormTest" name="test" time="3.861"/>
  <testcase classname="executionClasses.FormTest" name="test" time="3.967"/>
  <testcase classname="executionClasses.FormTest" name="test" time="3.717"/>
  <testcase classname="executionClasses.FormTest" name="test" time="3.871"/>
  <testcase classname="executionClasses.FormTest" name="test" time="3.743"/>
  <testcase classname="executionClasses.FormTest" name="test" time="3.84"/>
  <testcase classname="executionClasses.FormTest" name="test" time="3.61"/>
  <testcase classname="executionClasses.FormTest" name="test" time="3.972"/>
  <testcase classname="executionClasses.FormTest" name="test" time="3.91"/>
  <testcase classname="executionClasses.FormTest" name="test" time="4.606"/>
  <testcase classname="executionClasses.FormTest" name="test" time="3.547"/>
  <testcase classname="executionClasses.FormTest" name="test" time="4.87"/>
  <testcase classname="executionClasses.FormTest" name="test" time="4.759"/>
  <testcase classname="executionClasses.FormTest" name="test" time="4.81"/>
  <testcase classname="executionClasses.FormTest" name="test" time="4.612"/>
  <testcase classname="executionClasses.FormTest" name="test" time="4.727"/>
  <testcase classname="executionClasses.FormTest" name="test" time="3.99"/>
  <testcase classname="executionClasses.FormTest" name="test" time="3.83"/>
  <testcase classname="executionClasses.FormTest" name="test" time="3.881"/>
  <testcase classname="executionClasses.FormTest" name="test" time="7.258"/>
  <testcase classname="executionClasses.FormTest" name="test" time="3.942"/>
  <testcase classname="executionClasses.FormTest" name="test" time="3.889"/>
  <testcase classname="executionClasses.FormTest" name="test" time="3.869"/>
  <testcase classname="executionClasses.FormTest" name="test" time="3.529"/>
  <testcase classname="executionClasses.FormTest" name="test" time="4.089"/>
  <testcase classname="executionClasses.FormTest" name="test" time="4.368"/>
  <testcase classname="executionClasses.FormTest" name="test" time="4.289"/>
  <testcase classname="executionClasses.FormTest" name="test" time="3.391"/>
  <testcase classname="executionClasses.FormTest" name="test" time="4.006"/>
  <testcase classname="executionClasses.FormTest" name="test" time="4.151"/>
  <testcase classname="executionClasses.FormTest" name="test" time="4.135"/>
  <testcase classname="executionClasses.FormTest" name="test" time="4.0"/>
  <testcase classname="executionClasses.FormTest" name="test" time="4.523"/>
  <testcase classname="executionClasses.FormTest" name="test" time="3.464"/>
  <testcase classname="executionClasses.FormTest" name="test" time="3.702"/>
  <testcase classname="executionClasses.FormTest" name="test" time="3.846"/>
  <testcase classname="executionClasses.FormTest" name="test" time="3.554"/>
  <testcase classname="executionClasses.FormTest" name="test" time="4.069"/>
  <testcase classname="executionClasses.FormTest" name="test" time="4.418"/>
  <testcase classname="executionClasses.FormTest" name="test" time="4.257"/>
  <testcase classname="executionClasses.FormTest" name="test" time="3.425"/>
  <testcase classname="executionClasses.FormTest" name="test" time="3.944"/>
  <testcase classname="executionClasses.FormTest" name="test" time="4.23"/>
  <testcase classname="executionClasses.FormTest" name="test" time="4.209"/>
  <testcase classname="executionClasses.FormTest" name="test" time="3.778"/>
  <testcase classname="executionClasses.FormTest" name="test" time="3.722"/>
  <testcase classname="executionClasses.FormTest" name="test" time="3.625"/>
  <testcase classname="executionClasses.FormTest" name="test" time="3.638"/>
  <testcase classname="executionClasses.FormTest" name="test" time="3.668"/>
  <testcase classname="executionClasses.FormTest" name="test" time="3.658"/>
  <testcase classname="executionClasses.FormTest" name="test" time="3.576"/>
  <testcase classname="executionClasses.FormTest" name="test" time="3.736"/>
  <testcase classname="executionClasses.FormTest" name="test" time="4.401"/>
  <testcase classname="executionClasses.FormTest" name="test" time="3.51"/>
  <testcase classname="executionClasses.FormTest" name="test" time="3.851"/>
  <testcase classname="executionClasses.FormTest" name="test" time="4.515"/>
  <testcase classname="executionClasses.FormTest" name="test" time="4.707"/>
  <testcase classname="executionClasses.FormTest" name="test" time="4.482"/>
  <testcase classname="executionClasses.FormTest" name="test" time="4.579"/>
  <testcase classname="executionClasses.FormTest" name="test" time="4.569"/>
  <testcase classname="executionClasses.FormTest" name="test" time="4.236"/>
  <testcase classname="executionClasses.FormTest" name="test" time="4.091"/>
  <testcase classname="executionClasses.FormTest" name="test" time="4.335"/>
  <testcase classname="executionClasses.FormTest" name="test" time="4.282"/>
  <testcase classname="executionClasses.FormTest" name="test" time="4.076"/>
  <testcase classname="executionClasses.FormTest" name="test" time="3.932"/>
  <testcase classname="executionClasses.FormTest" name="test" time="4.171"/>
  <testcase classname="executionClasses.FormTest" name="test" time="4.182"/>
  <testcase classname="executionClasses.FormTest" name="test" time="4.45"/>
  <testcase classname="executionClasses.FormTest" name="test" time="4.412"/>
  <testcase classname="executionClasses.FormTest" name="test" time="4.381"/>
  <testcase classname="executionClasses.FormTest" name="test" time="4.345"/>
  <testcase classname="executionClasses.FormTest" name="test" time="4.435"/>
  <testcase classname="executionClasses.FormTest" name="test" time="4.282"/>
  <testcase classname="executionClasses.FormTest" name="test" time="4.399"/>
  <testcase classname="executionClasses.FormTest" name="test" time="4.397"/>
  <testcase classname="executionClasses.FormTest" name="test" time="4.537"/>
  <testcase classname="executionClasses.FormTest" name="test" time="4.52"/>
  <testcase classname="executionClasses.FormTest" name="test" time="4.735"/>
  <testcase classname="executionClasses.FormTest" name="test" time="3.963"/>
  <testcase classname="executionClasses.FormTest" name="test" time="3.739"/>
  <testcase classname="executionClasses.FormTest" name="test" time="3.94"/>
  <testcase classname="executionClasses.FormTest" name="test" time="4.635"/>
  <testcase classname="executionClasses.FormTest" name="test" time="3.939"/>
  <testcase classname="executionClasses.FormTest" name="test" time="4.111"/>
  <testcase classname="executionClasses.FormTest" name="test" time="3.853"/>
  <testcase classname="executionClasses.FormTest" name="test" time="4.036"/>
  <testcase classname="executionClasses.FormTest" name="test" time="3.767"/>
  <testcase classname="executionClasses.FormTest" name="test" time="3.967"/>
  <testcase classname="executionClasses.FormTest" name="test" time="5.866"/>
  <testcase classname="executionClasses.FormTest" name="test" time="3.607"/>
  <testcase classname="executionClasses.FormTest" name="test" time="4.264"/>
  <testcase classname="executionClasses.FormTest" name="test" time="4.096"/>
  <testcase classname="executionClasses.FormTest" name="test" time="4.215"/>
  <testcase classname="executionClasses.FormTest" name="test" time="4.023"/>
  <testcase classname="executionClasses.FormTest" name="test" time="4.689"/>
  <testcase classname="executionClasses.FormTest" name="test" time="4.374"/>
  <testcase classname="executionClasses.FormTest" name="test" time="4.478"/>
  <testcase classname="executionClasses.FormTest" name="test" time="4.555"/>
  <testcase classname="executionClasses.FormTest" name="test" time="4.427"/>
  <testcase classname="executionClasses.FormTest" name="test" time="4.48"/>
  <testcase classname="executionClasses.FormTest" name="test" time="4.467"/>
  <testcase classname="executionClasses.FormTest" name="test" time="4.399"/>
  <testcase classname="executionClasses.FormTest" name="test" time="3.853"/>
  <testcase classname="executionClasses.FormTest" name="test" time="3.817"/>
  <testcase classname="executionClasses.FormTest" name="test" time="3.725"/>
  <testcase classname="executionClasses.FormTest" name="test" time="3.864"/>
  <testcase classname="executionClasses.FormTest" name="test" time="5.946"/>
  <testcase classname="executionClasses.FormTest" name="test" time="4.503"/>
  <testcase classname="executionClasses.FormTest" name="test" time="4.0"/>
  <testcase classname="executionClasses.FormTest" name="test" time="3.839"/>
  <testcase classname="executionClasses.FormTest" name="test" time="7.353"/>
  <testcase classname="executionClasses.FormTest" name="test" time="4.518"/>
  <testcase classname="executionClasses.FormTest" name="test" time="4.49"/>
  <testcase classname="executionClasses.FormTest" name="test" time="4.414"/>
  <testcase classname="executionClasses.FormTest" name="test" time="4.494"/>
  <testcase classname="executionClasses.FormTest" name="test" time="4.404"/>
  <testcase classname="executionClasses.FormTest" name="test" time="4.536"/>
  <testcase classname="executionClasses.FormTest" name="test" time="4.476"/>
  <testcase classname="executionClasses.FormTest" name="test" time="4.695"/>
  <testcase classname="executionClasses.FormTest" name="test" time="4.339"/>
  <testcase classname="executionClasses.FormTest" name="test" time="4.564"/>
  <testcase classname="executionClasses.FormTest" name="test" time="4.283"/>
  <testcase classname="executionClasses.FormTest" name="test" time="4.237"/>
  <testcase classname="executionClasses.FormTest" name="test" time="4.609"/>
  <testcase classname="executionClasses.FormTest" name="test" time="4.491"/>
  <testcase classname="executionClasses.FormTest" name="test" time="4.486"/>
  <testcase classname="executionClasses.FormTest" name="test" time="3.487"/>
  <testcase classname="executionClasses.FormTest" name="test" time="4.046"/>
  <testcase classname="executionClasses.FormTest" name="test" time="4.184"/>
  <testcase classname="executionClasses.FormTest" name="test" time="4.634"/>
  <testcase classname="executionClasses.FormTest" name="test" time="3.288"/>
  <testcase classname="executionClasses.FormTest" name="test" time="4.111"/>
  <testcase classname="executionClasses.FormTest" name="test" time="4.124"/>
</testsuite> <!-- Default test -->
