<?xml version="1.0" encoding="UTF-8"?>
<testng-results ignored="0" total="200" passed="200" failed="0" skipped="0">
  <reporter-output>
  </reporter-output>
  <suite started-at="2025-01-02T16:17:06 IST" name="Default suite" finished-at="2025-01-02T16:49:35 IST" duration-ms="1949336">
    <groups>
    </groups>
    <test started-at="2025-01-02T16:17:06 IST" name="Default test" finished-at="2025-01-02T16:49:35 IST" duration-ms="1949336">
      <class name="executionClasses.FormTest">
        <test-method is-config="true" signature="beforeClass()[pri:0, instance:executionClasses.FormTest@dd8ba08]" started-at="2025-01-02T16:17:06 IST" name="beforeClass" finished-at="2025-01-02T16:17:06 IST" duration-ms="208" status="PASS">
          <reporter-output>
          </reporter-output>
        </test-method> <!-- beforeClass -->
        <test-method is-config="true" signature="loadBrowser()[pri:0, instance:executionClasses.FormTest@dd8ba08]" started-at="2025-01-02T16:17:07 IST" name="loadBrowser" finished-at="2025-01-02T16:17:13 IST" duration-ms="6186" status="PASS">
          <reporter-output>
          </reporter-output>
        </test-method> <!-- loadBrowser -->
        <test-method signature="test(java.lang.String,java.lang.String,java.lang.String,java.lang.String,java.lang.String,java.lang.String,java.lang.String,java.lang.String,java.lang.String,java.lang.String,java.lang.String,java.lang.String,java.lang.String,java.lang.String,java.lang.String,java.lang.String)[pri:0, instance:executionClasses.FormTest@dd8ba08]" started-at="2025-01-02T16:17:13 IST" name="test" data-provider="dp" finished-at="2025-01-02T16:17:18 IST" duration-ms="5293" status="PASS">
          <params>
            <param index="0">
              <value>
                <![CDATA[Harry]]>
              </value>
            </param>
            <param index="1">
              <value>
                <![CDATA[Potter]]>
              </value>
            </param>
            <param index="2">
              <value>
                <![CDATA[Qualizeal@gmail.com]]>
              </value>
            </param>
            <param index="3">
              <value>
                <![CDATA[Male]]>
              </value>
            </param>
            <param index="4">
              <value>
                <![CDATA[9876545687]]>
              </value>
            </param>
            <param index="5">
              <value>
                <![CDATA[Hindi]]>
              </value>
            </param>
            <param index="6">
              <value>
                <![CDATA[TRUE]]>
              </value>
            </param>
            <param index="7">
              <value>
                <![CDATA[TRUE]]>
              </value>
            </param>
            <param index="8">
              <value>
                <![CDATA[TRUE]]>
              </value>
            </param>
            <param index="9">
              <value>
                <![CDATA[1999]]>
              </value>
            </param>
            <param index="10">
              <value>
                <![CDATA[January]]>
              </value>
            </param>
            <param index="11">
              <value>
                <![CDATA[10]]>
              </value>
            </param>
            <param index="12">
              <value>
                <![CDATA[./File//image2.png]]>
              </value>
            </param>
            <param index="13">
              <value>
                <![CDATA[Hyderabad]]>
              </value>
            </param>
            <param index="14">
              <value>
                <![CDATA[Haryana]]>
              </value>
            </param>
            <param index="15">
              <value>
                <![CDATA[Karnal]]>
              </value>
            </param>
          </params>
          <reporter-output>
          </reporter-output>
        </test-method> <!-- test -->
        <test-method is-config="true" signature="close()[pri:0, instance:executionClasses.FormTest@dd8ba08]" started-at="2025-01-02T16:17:18 IST" name="close" finished-at="2025-01-02T16:17:18 IST" duration-ms="154" status="PASS">
          <reporter-output>
          </reporter-output>
        </test-method> <!-- close -->
        <test-method is-config="true" signature="loadBrowser()[pri:0, instance:executionClasses.FormTest@dd8ba08]" started-at="2025-01-02T16:17:18 IST" name="loadBrowser" finished-at="2025-01-02T16:17:26 IST" duration-ms="7957" status="PASS">
          <reporter-output>
          </reporter-output>
        </test-method> <!-- loadBrowser -->
        <test-method signature="test(java.lang.String,java.lang.String,java.lang.String,java.lang.String,java.lang.String,java.lang.String,java.lang.String,java.lang.String,java.lang.String,java.lang.String,java.lang.String,java.lang.String,java.lang.String,java.lang.String,java.lang.String,java.lang.String)[pri:0, instance:executionClasses.FormTest@dd8ba08]" started-at="2025-01-02T16:17:26 IST" name="test" data-provider="dp" finished-at="2025-01-02T16:17:31 IST" duration-ms="4776" status="PASS">
          <params>
            <param index="0">
              <value>
                <![CDATA[Harry]]>
              </value>
            </param>
            <param index="1">
              <value>
                <![CDATA[Potter]]>
              </value>
            </param>
            <param index="2">
              <value>
                <![CDATA[Qualizeal@gmail.com]]>
              </value>
            </param>
            <param index="3">
              <value>
                <![CDATA[Male]]>
              </value>
            </param>
            <param index="4">
              <value>
                <![CDATA[9876545687]]>
              </value>
            </param>
            <param index="5">
              <value>
                <![CDATA[]]>
              </value>
            </param>
            <param index="6">
              <value>
                <![CDATA[TRUE]]>
              </value>
            </param>
            <param index="7">
              <value>
                <![CDATA[TRUE]]>
              </value>
            </param>
            <param index="8">
              <value>
                <![CDATA[TRUE]]>
              </value>
            </param>
            <param index="9">
              <value>
                <![CDATA[2000]]>
              </value>
            </param>
            <param index="10">
              <value>
                <![CDATA[February]]>
              </value>
            </param>
            <param index="11">
              <value>
                <![CDATA[10]]>
              </value>
            </param>
            <param index="12">
              <value>
                <![CDATA[./File//image2.png]]>
              </value>
            </param>
            <param index="13">
              <value>
                <![CDATA[Hyderabad]]>
              </value>
            </param>
            <param index="14">
              <value>
                <![CDATA[Haryana]]>
              </value>
            </param>
            <param index="15">
              <value>
                <![CDATA[Karnal]]>
              </value>
            </param>
          </params>
          <reporter-output>
          </reporter-output>
        </test-method> <!-- test -->
        <test-method is-config="true" signature="close()[pri:0, instance:executionClasses.FormTest@dd8ba08]" started-at="2025-01-02T16:17:31 IST" name="close" finished-at="2025-01-02T16:17:31 IST" duration-ms="171" status="PASS">
          <reporter-output>
          </reporter-output>
        </test-method> <!-- close -->
        <test-method is-config="true" signature="loadBrowser()[pri:0, instance:executionClasses.FormTest@dd8ba08]" started-at="2025-01-02T16:17:31 IST" name="loadBrowser" finished-at="2025-01-02T16:17:37 IST" duration-ms="5932" status="PASS">
          <reporter-output>
          </reporter-output>
        </test-method> <!-- loadBrowser -->
        <test-method signature="test(java.lang.String,java.lang.String,java.lang.String,java.lang.String,java.lang.String,java.lang.String,java.lang.String,java.lang.String,java.lang.String,java.lang.String,java.lang.String,java.lang.String,java.lang.String,java.lang.String,java.lang.String,java.lang.String)[pri:0, instance:executionClasses.FormTest@dd8ba08]" started-at="2025-01-02T16:17:37 IST" name="test" data-provider="dp" finished-at="2025-01-02T16:17:41 IST" duration-ms="4031" status="PASS">
          <params>
            <param index="0">
              <value>
                <![CDATA[Harry]]>
              </value>
            </param>
            <param index="1">
              <value>
                <![CDATA[Potter]]>
              </value>
            </param>
            <param index="2">
              <value>
                <![CDATA[Qualizeal@gmail.com]]>
              </value>
            </param>
            <param index="3">
              <value>
                <![CDATA[Male]]>
              </value>
            </param>
            <param index="4">
              <value>
                <![CDATA[9876545687]]>
              </value>
            </param>
            <param index="5">
              <value>
                <![CDATA[Hindi]]>
              </value>
            </param>
            <param index="6">
              <value>
                <![CDATA[]]>
              </value>
            </param>
            <param index="7">
              <value>
                <![CDATA[TRUE]]>
              </value>
            </param>
            <param index="8">
              <value>
                <![CDATA[TRUE]]>
              </value>
            </param>
            <param index="9">
              <value>
                <![CDATA[2001]]>
              </value>
            </param>
            <param index="10">
              <value>
                <![CDATA[March]]>
              </value>
            </param>
            <param index="11">
              <value>
                <![CDATA[10]]>
              </value>
            </param>
            <param index="12">
              <value>
                <![CDATA[./File//image2.png]]>
              </value>
            </param>
            <param index="13">
              <value>
                <![CDATA[Hyderabad]]>
              </value>
            </param>
            <param index="14">
              <value>
                <![CDATA[Haryana]]>
              </value>
            </param>
            <param index="15">
              <value>
                <![CDATA[Karnal]]>
              </value>
            </param>
          </params>
          <reporter-output>
          </reporter-output>
        </test-method> <!-- test -->
        <test-method is-config="true" signature="close()[pri:0, instance:executionClasses.FormTest@dd8ba08]" started-at="2025-01-02T16:17:41 IST" name="close" finished-at="2025-01-02T16:17:41 IST" duration-ms="181" status="PASS">
          <reporter-output>
          </reporter-output>
        </test-method> <!-- close -->
        <test-method is-config="true" signature="loadBrowser()[pri:0, instance:executionClasses.FormTest@dd8ba08]" started-at="2025-01-02T16:17:41 IST" name="loadBrowser" finished-at="2025-01-02T16:17:46 IST" duration-ms="4972" status="PASS">
          <reporter-output>
          </reporter-output>
        </test-method> <!-- loadBrowser -->
        <test-method signature="test(java.lang.String,java.lang.String,java.lang.String,java.lang.String,java.lang.String,java.lang.String,java.lang.String,java.lang.String,java.lang.String,java.lang.String,java.lang.String,java.lang.String,java.lang.String,java.lang.String,java.lang.String,java.lang.String)[pri:0, instance:executionClasses.FormTest@dd8ba08]" started-at="2025-01-02T16:17:46 IST" name="test" data-provider="dp" finished-at="2025-01-02T16:17:51 IST" duration-ms="4358" status="PASS">
          <params>
            <param index="0">
              <value>
                <![CDATA[Harry]]>
              </value>
            </param>
            <param index="1">
              <value>
                <![CDATA[Potter]]>
              </value>
            </param>
            <param index="2">
              <value>
                <![CDATA[Qualizeal@gmail.com]]>
              </value>
            </param>
            <param index="3">
              <value>
                <![CDATA[Male]]>
              </value>
            </param>
            <param index="4">
              <value>
                <![CDATA[9876545687]]>
              </value>
            </param>
            <param index="5">
              <value>
                <![CDATA[Hindi]]>
              </value>
            </param>
            <param index="6">
              <value>
                <![CDATA[TRUE]]>
              </value>
            </param>
            <param index="7">
              <value>
                <![CDATA[TRUE]]>
              </value>
            </param>
            <param index="8">
              <value>
                <![CDATA[TRUE]]>
              </value>
            </param>
            <param index="9">
              <value>
                <![CDATA[2000]]>
              </value>
            </param>
            <param index="10">
              <value>
                <![CDATA[April]]>
              </value>
            </param>
            <param index="11">
              <value>
                <![CDATA[10]]>
              </value>
            </param>
            <param index="12">
              <value>
                <![CDATA[]]>
              </value>
            </param>
            <param index="13">
              <value>
                <![CDATA[Hyderabad]]>
              </value>
            </param>
            <param index="14">
              <value>
                <![CDATA[Haryana]]>
              </value>
            </param>
            <param index="15">
              <value>
                <![CDATA[Karnal]]>
              </value>
            </param>
          </params>
          <reporter-output>
          </reporter-output>
        </test-method> <!-- test -->
        <test-method is-config="true" signature="close()[pri:0, instance:executionClasses.FormTest@dd8ba08]" started-at="2025-01-02T16:17:51 IST" name="close" finished-at="2025-01-02T16:17:51 IST" duration-ms="116" status="PASS">
          <reporter-output>
          </reporter-output>
        </test-method> <!-- close -->
        <test-method is-config="true" signature="loadBrowser()[pri:0, instance:executionClasses.FormTest@dd8ba08]" started-at="2025-01-02T16:17:51 IST" name="loadBrowser" finished-at="2025-01-02T16:17:56 IST" duration-ms="5595" status="PASS">
          <reporter-output>
          </reporter-output>
        </test-method> <!-- loadBrowser -->
        <test-method signature="test(java.lang.String,java.lang.String,java.lang.String,java.lang.String,java.lang.String,java.lang.String,java.lang.String,java.lang.String,java.lang.String,java.lang.String,java.lang.String,java.lang.String,java.lang.String,java.lang.String,java.lang.String,java.lang.String)[pri:0, instance:executionClasses.FormTest@dd8ba08]" started-at="2025-01-02T16:17:56 IST" name="test" data-provider="dp" finished-at="2025-01-02T16:18:01 IST" duration-ms="4264" status="PASS">
          <params>
            <param index="0">
              <value>
                <![CDATA[]]>
              </value>
            </param>
            <param index="1">
              <value>
                <![CDATA[Potter]]>
              </value>
            </param>
            <param index="2">
              <value>
                <![CDATA[Qualizeal@gmail.com]]>
              </value>
            </param>
            <param index="3">
              <value>
                <![CDATA[Male]]>
              </value>
            </param>
            <param index="4">
              <value>
                <![CDATA[9876545687]]>
              </value>
            </param>
            <param index="5">
              <value>
                <![CDATA[Hindi]]>
              </value>
            </param>
            <param index="6">
              <value>
                <![CDATA[TRUE]]>
              </value>
            </param>
            <param index="7">
              <value>
                <![CDATA[TRUE]]>
              </value>
            </param>
            <param index="8">
              <value>
                <![CDATA[TRUE]]>
              </value>
            </param>
            <param index="9">
              <value>
                <![CDATA[2000]]>
              </value>
            </param>
            <param index="10">
              <value>
                <![CDATA[May]]>
              </value>
            </param>
            <param index="11">
              <value>
                <![CDATA[10]]>
              </value>
            </param>
            <param index="12">
              <value>
                <![CDATA[./File//image2.png]]>
              </value>
            </param>
            <param index="13">
              <value>
                <![CDATA[Hyderabad]]>
              </value>
            </param>
            <param index="14">
              <value>
                <![CDATA[Haryana]]>
              </value>
            </param>
            <param index="15">
              <value>
                <![CDATA[Karnal]]>
              </value>
            </param>
          </params>
          <reporter-output>
          </reporter-output>
        </test-method> <!-- test -->
        <test-method is-config="true" signature="close()[pri:0, instance:executionClasses.FormTest@dd8ba08]" started-at="2025-01-02T16:18:01 IST" name="close" finished-at="2025-01-02T16:18:01 IST" duration-ms="147" status="PASS">
          <reporter-output>
          </reporter-output>
        </test-method> <!-- close -->
        <test-method is-config="true" signature="loadBrowser()[pri:0, instance:executionClasses.FormTest@dd8ba08]" started-at="2025-01-02T16:18:01 IST" name="loadBrowser" finished-at="2025-01-02T16:18:07 IST" duration-ms="5749" status="PASS">
          <reporter-output>
          </reporter-output>
        </test-method> <!-- loadBrowser -->
        <test-method signature="test(java.lang.String,java.lang.String,java.lang.String,java.lang.String,java.lang.String,java.lang.String,java.lang.String,java.lang.String,java.lang.String,java.lang.String,java.lang.String,java.lang.String,java.lang.String,java.lang.String,java.lang.String,java.lang.String)[pri:0, instance:executionClasses.FormTest@dd8ba08]" started-at="2025-01-02T16:18:07 IST" name="test" data-provider="dp" finished-at="2025-01-02T16:18:11 IST" duration-ms="4236" status="PASS">
          <params>
            <param index="0">
              <value>
                <![CDATA[]]>
              </value>
            </param>
            <param index="1">
              <value>
                <![CDATA[]]>
              </value>
            </param>
            <param index="2">
              <value>
                <![CDATA[Qualizeal@gmail.com]]>
              </value>
            </param>
            <param index="3">
              <value>
                <![CDATA[Male]]>
              </value>
            </param>
            <param index="4">
              <value>
                <![CDATA[9876545687]]>
              </value>
            </param>
            <param index="5">
              <value>
                <![CDATA[Hindi]]>
              </value>
            </param>
            <param index="6">
              <value>
                <![CDATA[TRUE]]>
              </value>
            </param>
            <param index="7">
              <value>
                <![CDATA[TRUE]]>
              </value>
            </param>
            <param index="8">
              <value>
                <![CDATA[TRUE]]>
              </value>
            </param>
            <param index="9">
              <value>
                <![CDATA[2000]]>
              </value>
            </param>
            <param index="10">
              <value>
                <![CDATA[June]]>
              </value>
            </param>
            <param index="11">
              <value>
                <![CDATA[10]]>
              </value>
            </param>
            <param index="12">
              <value>
                <![CDATA[./File//image2.png]]>
              </value>
            </param>
            <param index="13">
              <value>
                <![CDATA[Hyderabad]]>
              </value>
            </param>
            <param index="14">
              <value>
                <![CDATA[Haryana]]>
              </value>
            </param>
            <param index="15">
              <value>
                <![CDATA[Karnal]]>
              </value>
            </param>
          </params>
          <reporter-output>
          </reporter-output>
        </test-method> <!-- test -->
        <test-method is-config="true" signature="close()[pri:0, instance:executionClasses.FormTest@dd8ba08]" started-at="2025-01-02T16:18:11 IST" name="close" finished-at="2025-01-02T16:18:11 IST" duration-ms="158" status="PASS">
          <reporter-output>
          </reporter-output>
        </test-method> <!-- close -->
        <test-method is-config="true" signature="loadBrowser()[pri:0, instance:executionClasses.FormTest@dd8ba08]" started-at="2025-01-02T16:18:11 IST" name="loadBrowser" finished-at="2025-01-02T16:18:16 IST" duration-ms="4848" status="PASS">
          <reporter-output>
          </reporter-output>
        </test-method> <!-- loadBrowser -->
        <test-method signature="test(java.lang.String,java.lang.String,java.lang.String,java.lang.String,java.lang.String,java.lang.String,java.lang.String,java.lang.String,java.lang.String,java.lang.String,java.lang.String,java.lang.String,java.lang.String,java.lang.String,java.lang.String,java.lang.String)[pri:0, instance:executionClasses.FormTest@dd8ba08]" started-at="2025-01-02T16:18:16 IST" name="test" data-provider="dp" finished-at="2025-01-02T16:18:20 IST" duration-ms="3877" status="PASS">
          <params>
            <param index="0">
              <value>
                <![CDATA[]]>
              </value>
            </param>
            <param index="1">
              <value>
                <![CDATA[]]>
              </value>
            </param>
            <param index="2">
              <value>
                <![CDATA[]]>
              </value>
            </param>
            <param index="3">
              <value>
                <![CDATA[]]>
              </value>
            </param>
            <param index="4">
              <value>
                <![CDATA[9876545687]]>
              </value>
            </param>
            <param index="5">
              <value>
                <![CDATA[Hindi]]>
              </value>
            </param>
            <param index="6">
              <value>
                <![CDATA[TRUE]]>
              </value>
            </param>
            <param index="7">
              <value>
                <![CDATA[TRUE]]>
              </value>
            </param>
            <param index="8">
              <value>
                <![CDATA[TRUE]]>
              </value>
            </param>
            <param index="9">
              <value>
                <![CDATA[2000]]>
              </value>
            </param>
            <param index="10">
              <value>
                <![CDATA[July]]>
              </value>
            </param>
            <param index="11">
              <value>
                <![CDATA[1]]>
              </value>
            </param>
            <param index="12">
              <value>
                <![CDATA[./File//image2.png]]>
              </value>
            </param>
            <param index="13">
              <value>
                <![CDATA[Hyderabad]]>
              </value>
            </param>
            <param index="14">
              <value>
                <![CDATA[Haryana]]>
              </value>
            </param>
            <param index="15">
              <value>
                <![CDATA[Karnal]]>
              </value>
            </param>
          </params>
          <reporter-output>
          </reporter-output>
        </test-method> <!-- test -->
        <test-method is-config="true" signature="close()[pri:0, instance:executionClasses.FormTest@dd8ba08]" started-at="2025-01-02T16:18:20 IST" name="close" finished-at="2025-01-02T16:18:20 IST" duration-ms="149" status="PASS">
          <reporter-output>
          </reporter-output>
        </test-method> <!-- close -->
        <test-method is-config="true" signature="loadBrowser()[pri:0, instance:executionClasses.FormTest@dd8ba08]" started-at="2025-01-02T16:18:20 IST" name="loadBrowser" finished-at="2025-01-02T16:18:26 IST" duration-ms="6008" status="PASS">
          <reporter-output>
          </reporter-output>
        </test-method> <!-- loadBrowser -->
        <test-method signature="test(java.lang.String,java.lang.String,java.lang.String,java.lang.String,java.lang.String,java.lang.String,java.lang.String,java.lang.String,java.lang.String,java.lang.String,java.lang.String,java.lang.String,java.lang.String,java.lang.String,java.lang.String,java.lang.String)[pri:0, instance:executionClasses.FormTest@dd8ba08]" started-at="2025-01-02T16:18:26 IST" name="test" data-provider="dp" finished-at="2025-01-02T16:18:29 IST" duration-ms="3633" status="PASS">
          <params>
            <param index="0">
              <value>
                <![CDATA[]]>
              </value>
            </param>
            <param index="1">
              <value>
                <![CDATA[]]>
              </value>
            </param>
            <param index="2">
              <value>
                <![CDATA[]]>
              </value>
            </param>
            <param index="3">
              <value>
                <![CDATA[]]>
              </value>
            </param>
            <param index="4">
              <value>
                <![CDATA[]]>
              </value>
            </param>
            <param index="5">
              <value>
                <![CDATA[Hindi]]>
              </value>
            </param>
            <param index="6">
              <value>
                <![CDATA[TRUE]]>
              </value>
            </param>
            <param index="7">
              <value>
                <![CDATA[TRUE]]>
              </value>
            </param>
            <param index="8">
              <value>
                <![CDATA[TRUE]]>
              </value>
            </param>
            <param index="9">
              <value>
                <![CDATA[2000]]>
              </value>
            </param>
            <param index="10">
              <value>
                <![CDATA[August]]>
              </value>
            </param>
            <param index="11">
              <value>
                <![CDATA[15]]>
              </value>
            </param>
            <param index="12">
              <value>
                <![CDATA[./File//image2.png]]>
              </value>
            </param>
            <param index="13">
              <value>
                <![CDATA[Hyderabad]]>
              </value>
            </param>
            <param index="14">
              <value>
                <![CDATA[Haryana]]>
              </value>
            </param>
            <param index="15">
              <value>
                <![CDATA[Karnal]]>
              </value>
            </param>
          </params>
          <reporter-output>
          </reporter-output>
        </test-method> <!-- test -->
        <test-method is-config="true" signature="close()[pri:0, instance:executionClasses.FormTest@dd8ba08]" started-at="2025-01-02T16:18:29 IST" name="close" finished-at="2025-01-02T16:18:30 IST" duration-ms="127" status="PASS">
          <reporter-output>
          </reporter-output>
        </test-method> <!-- close -->
        <test-method is-config="true" signature="loadBrowser()[pri:0, instance:executionClasses.FormTest@dd8ba08]" started-at="2025-01-02T16:18:30 IST" name="loadBrowser" finished-at="2025-01-02T16:18:35 IST" duration-ms="5778" status="PASS">
          <reporter-output>
          </reporter-output>
        </test-method> <!-- loadBrowser -->
        <test-method signature="test(java.lang.String,java.lang.String,java.lang.String,java.lang.String,java.lang.String,java.lang.String,java.lang.String,java.lang.String,java.lang.String,java.lang.String,java.lang.String,java.lang.String,java.lang.String,java.lang.String,java.lang.String,java.lang.String)[pri:0, instance:executionClasses.FormTest@dd8ba08]" started-at="2025-01-02T16:18:35 IST" name="test" data-provider="dp" finished-at="2025-01-02T16:18:39 IST" duration-ms="3997" status="PASS">
          <params>
            <param index="0">
              <value>
                <![CDATA[Harry]]>
              </value>
            </param>
            <param index="1">
              <value>
                <![CDATA[]]>
              </value>
            </param>
            <param index="2">
              <value>
                <![CDATA[Qualizeal@gmail.com]]>
              </value>
            </param>
            <param index="3">
              <value>
                <![CDATA[Male]]>
              </value>
            </param>
            <param index="4">
              <value>
                <![CDATA[9876545687]]>
              </value>
            </param>
            <param index="5">
              <value>
                <![CDATA[Hindi]]>
              </value>
            </param>
            <param index="6">
              <value>
                <![CDATA[TRUE]]>
              </value>
            </param>
            <param index="7">
              <value>
                <![CDATA[TRUE]]>
              </value>
            </param>
            <param index="8">
              <value>
                <![CDATA[TRUE]]>
              </value>
            </param>
            <param index="9">
              <value>
                <![CDATA[2000]]>
              </value>
            </param>
            <param index="10">
              <value>
                <![CDATA[September]]>
              </value>
            </param>
            <param index="11">
              <value>
                <![CDATA[25]]>
              </value>
            </param>
            <param index="12">
              <value>
                <![CDATA[./File//image2.png]]>
              </value>
            </param>
            <param index="13">
              <value>
                <![CDATA[Hyderabad]]>
              </value>
            </param>
            <param index="14">
              <value>
                <![CDATA[Haryana]]>
              </value>
            </param>
            <param index="15">
              <value>
                <![CDATA[Karnal]]>
              </value>
            </param>
          </params>
          <reporter-output>
          </reporter-output>
        </test-method> <!-- test -->
        <test-method is-config="true" signature="close()[pri:0, instance:executionClasses.FormTest@dd8ba08]" started-at="2025-01-02T16:18:39 IST" name="close" finished-at="2025-01-02T16:18:40 IST" duration-ms="132" status="PASS">
          <reporter-output>
          </reporter-output>
        </test-method> <!-- close -->
        <test-method is-config="true" signature="loadBrowser()[pri:0, instance:executionClasses.FormTest@dd8ba08]" started-at="2025-01-02T16:18:40 IST" name="loadBrowser" finished-at="2025-01-02T16:18:45 IST" duration-ms="5727" status="PASS">
          <reporter-output>
          </reporter-output>
        </test-method> <!-- loadBrowser -->
        <test-method signature="test(java.lang.String,java.lang.String,java.lang.String,java.lang.String,java.lang.String,java.lang.String,java.lang.String,java.lang.String,java.lang.String,java.lang.String,java.lang.String,java.lang.String,java.lang.String,java.lang.String,java.lang.String,java.lang.String)[pri:0, instance:executionClasses.FormTest@dd8ba08]" started-at="2025-01-02T16:18:45 IST" name="test" data-provider="dp" finished-at="2025-01-02T16:18:49 IST" duration-ms="3688" status="PASS">
          <params>
            <param index="0">
              <value>
                <![CDATA[Harry]]>
              </value>
            </param>
            <param index="1">
              <value>
                <![CDATA[]]>
              </value>
            </param>
            <param index="2">
              <value>
                <![CDATA[]]>
              </value>
            </param>
            <param index="3">
              <value>
                <![CDATA[Male]]>
              </value>
            </param>
            <param index="4">
              <value>
                <![CDATA[9876545687]]>
              </value>
            </param>
            <param index="5">
              <value>
                <![CDATA[Hindi]]>
              </value>
            </param>
            <param index="6">
              <value>
                <![CDATA[TRUE]]>
              </value>
            </param>
            <param index="7">
              <value>
                <![CDATA[TRUE]]>
              </value>
            </param>
            <param index="8">
              <value>
                <![CDATA[TRUE]]>
              </value>
            </param>
            <param index="9">
              <value>
                <![CDATA[2000]]>
              </value>
            </param>
            <param index="10">
              <value>
                <![CDATA[October]]>
              </value>
            </param>
            <param index="11">
              <value>
                <![CDATA[6]]>
              </value>
            </param>
            <param index="12">
              <value>
                <![CDATA[./File//image2.png]]>
              </value>
            </param>
            <param index="13">
              <value>
                <![CDATA[Hyderabad]]>
              </value>
            </param>
            <param index="14">
              <value>
                <![CDATA[Haryana]]>
              </value>
            </param>
            <param index="15">
              <value>
                <![CDATA[Karnal]]>
              </value>
            </param>
          </params>
          <reporter-output>
          </reporter-output>
        </test-method> <!-- test -->
        <test-method is-config="true" signature="close()[pri:0, instance:executionClasses.FormTest@dd8ba08]" started-at="2025-01-02T16:18:49 IST" name="close" finished-at="2025-01-02T16:18:49 IST" duration-ms="140" status="PASS">
          <reporter-output>
          </reporter-output>
        </test-method> <!-- close -->
        <test-method is-config="true" signature="loadBrowser()[pri:0, instance:executionClasses.FormTest@dd8ba08]" started-at="2025-01-02T16:18:49 IST" name="loadBrowser" finished-at="2025-01-02T16:18:55 IST" duration-ms="5714" status="PASS">
          <reporter-output>
          </reporter-output>
        </test-method> <!-- loadBrowser -->
        <test-method signature="test(java.lang.String,java.lang.String,java.lang.String,java.lang.String,java.lang.String,java.lang.String,java.lang.String,java.lang.String,java.lang.String,java.lang.String,java.lang.String,java.lang.String,java.lang.String,java.lang.String,java.lang.String,java.lang.String)[pri:0, instance:executionClasses.FormTest@dd8ba08]" started-at="2025-01-02T16:18:55 IST" name="test" data-provider="dp" finished-at="2025-01-02T16:18:59 IST" duration-ms="3817" status="PASS">
          <params>
            <param index="0">
              <value>
                <![CDATA[Harry]]>
              </value>
            </param>
            <param index="1">
              <value>
                <![CDATA[]]>
              </value>
            </param>
            <param index="2">
              <value>
                <![CDATA[]]>
              </value>
            </param>
            <param index="3">
              <value>
                <![CDATA[]]>
              </value>
            </param>
            <param index="4">
              <value>
                <![CDATA[9876545687]]>
              </value>
            </param>
            <param index="5">
              <value>
                <![CDATA[Hindi]]>
              </value>
            </param>
            <param index="6">
              <value>
                <![CDATA[TRUE]]>
              </value>
            </param>
            <param index="7">
              <value>
                <![CDATA[TRUE]]>
              </value>
            </param>
            <param index="8">
              <value>
                <![CDATA[TRUE]]>
              </value>
            </param>
            <param index="9">
              <value>
                <![CDATA[2000]]>
              </value>
            </param>
            <param index="10">
              <value>
                <![CDATA[November]]>
              </value>
            </param>
            <param index="11">
              <value>
                <![CDATA[18]]>
              </value>
            </param>
            <param index="12">
              <value>
                <![CDATA[./File//image2.png]]>
              </value>
            </param>
            <param index="13">
              <value>
                <![CDATA[Hyderabad]]>
              </value>
            </param>
            <param index="14">
              <value>
                <![CDATA[Haryana]]>
              </value>
            </param>
            <param index="15">
              <value>
                <![CDATA[Karnal]]>
              </value>
            </param>
          </params>
          <reporter-output>
          </reporter-output>
        </test-method> <!-- test -->
        <test-method is-config="true" signature="close()[pri:0, instance:executionClasses.FormTest@dd8ba08]" started-at="2025-01-02T16:18:59 IST" name="close" finished-at="2025-01-02T16:18:59 IST" duration-ms="151" status="PASS">
          <reporter-output>
          </reporter-output>
        </test-method> <!-- close -->
        <test-method is-config="true" signature="loadBrowser()[pri:0, instance:executionClasses.FormTest@dd8ba08]" started-at="2025-01-02T16:18:59 IST" name="loadBrowser" finished-at="2025-01-02T16:19:05 IST" duration-ms="5819" status="PASS">
          <reporter-output>
          </reporter-output>
        </test-method> <!-- loadBrowser -->
        <test-method signature="test(java.lang.String,java.lang.String,java.lang.String,java.lang.String,java.lang.String,java.lang.String,java.lang.String,java.lang.String,java.lang.String,java.lang.String,java.lang.String,java.lang.String,java.lang.String,java.lang.String,java.lang.String,java.lang.String)[pri:0, instance:executionClasses.FormTest@dd8ba08]" started-at="2025-01-02T16:19:05 IST" name="test" data-provider="dp" finished-at="2025-01-02T16:19:08 IST" duration-ms="3841" status="PASS">
          <params>
            <param index="0">
              <value>
                <![CDATA[Harry]]>
              </value>
            </param>
            <param index="1">
              <value>
                <![CDATA[]]>
              </value>
            </param>
            <param index="2">
              <value>
                <![CDATA[]]>
              </value>
            </param>
            <param index="3">
              <value>
                <![CDATA[]]>
              </value>
            </param>
            <param index="4">
              <value>
                <![CDATA[]]>
              </value>
            </param>
            <param index="5">
              <value>
                <![CDATA[Hindi]]>
              </value>
            </param>
            <param index="6">
              <value>
                <![CDATA[TRUE]]>
              </value>
            </param>
            <param index="7">
              <value>
                <![CDATA[TRUE]]>
              </value>
            </param>
            <param index="8">
              <value>
                <![CDATA[TRUE]]>
              </value>
            </param>
            <param index="9">
              <value>
                <![CDATA[2000]]>
              </value>
            </param>
            <param index="10">
              <value>
                <![CDATA[December]]>
              </value>
            </param>
            <param index="11">
              <value>
                <![CDATA[10]]>
              </value>
            </param>
            <param index="12">
              <value>
                <![CDATA[./File//image2.png]]>
              </value>
            </param>
            <param index="13">
              <value>
                <![CDATA[Hyderabad]]>
              </value>
            </param>
            <param index="14">
              <value>
                <![CDATA[Haryana]]>
              </value>
            </param>
            <param index="15">
              <value>
                <![CDATA[Karnal]]>
              </value>
            </param>
          </params>
          <reporter-output>
          </reporter-output>
        </test-method> <!-- test -->
        <test-method is-config="true" signature="close()[pri:0, instance:executionClasses.FormTest@dd8ba08]" started-at="2025-01-02T16:19:08 IST" name="close" finished-at="2025-01-02T16:19:09 IST" duration-ms="158" status="PASS">
          <reporter-output>
          </reporter-output>
        </test-method> <!-- close -->
        <test-method is-config="true" signature="loadBrowser()[pri:0, instance:executionClasses.FormTest@dd8ba08]" started-at="2025-01-02T16:19:09 IST" name="loadBrowser" finished-at="2025-01-02T16:19:14 IST" duration-ms="5887" status="PASS">
          <reporter-output>
          </reporter-output>
        </test-method> <!-- loadBrowser -->
        <test-method signature="test(java.lang.String,java.lang.String,java.lang.String,java.lang.String,java.lang.String,java.lang.String,java.lang.String,java.lang.String,java.lang.String,java.lang.String,java.lang.String,java.lang.String,java.lang.String,java.lang.String,java.lang.String,java.lang.String)[pri:0, instance:executionClasses.FormTest@dd8ba08]" started-at="2025-01-02T16:19:14 IST" name="test" data-provider="dp" finished-at="2025-01-02T16:19:19 IST" duration-ms="4180" status="PASS">
          <params>
            <param index="0">
              <value>
                <![CDATA[Harry]]>
              </value>
            </param>
            <param index="1">
              <value>
                <![CDATA[Potter]]>
              </value>
            </param>
            <param index="2">
              <value>
                <![CDATA[Qualizeal@gmail.com]]>
              </value>
            </param>
            <param index="3">
              <value>
                <![CDATA[Female]]>
              </value>
            </param>
            <param index="4">
              <value>
                <![CDATA[9874563218]]>
              </value>
            </param>
            <param index="5">
              <value>
                <![CDATA[Telugu]]>
              </value>
            </param>
            <param index="6">
              <value>
                <![CDATA[TRUE]]>
              </value>
            </param>
            <param index="7">
              <value>
                <![CDATA[TRUE]]>
              </value>
            </param>
            <param index="8">
              <value>
                <![CDATA[TRUE]]>
              </value>
            </param>
            <param index="9">
              <value>
                <![CDATA[2000]]>
              </value>
            </param>
            <param index="10">
              <value>
                <![CDATA[January]]>
              </value>
            </param>
            <param index="11">
              <value>
                <![CDATA[10]]>
              </value>
            </param>
            <param index="12">
              <value>
                <![CDATA[./File//image2.png]]>
              </value>
            </param>
            <param index="13">
              <value>
                <![CDATA[bhimavaram]]>
              </value>
            </param>
            <param index="14">
              <value>
                <![CDATA[Haryana]]>
              </value>
            </param>
            <param index="15">
              <value>
                <![CDATA[Karnal]]>
              </value>
            </param>
          </params>
          <reporter-output>
          </reporter-output>
        </test-method> <!-- test -->
        <test-method is-config="true" signature="close()[pri:0, instance:executionClasses.FormTest@dd8ba08]" started-at="2025-01-02T16:19:19 IST" name="close" finished-at="2025-01-02T16:19:19 IST" duration-ms="134" status="PASS">
          <reporter-output>
          </reporter-output>
        </test-method> <!-- close -->
        <test-method is-config="true" signature="loadBrowser()[pri:0, instance:executionClasses.FormTest@dd8ba08]" started-at="2025-01-02T16:19:19 IST" name="loadBrowser" finished-at="2025-01-02T16:19:25 IST" duration-ms="6217" status="PASS">
          <reporter-output>
          </reporter-output>
        </test-method> <!-- loadBrowser -->
        <test-method signature="test(java.lang.String,java.lang.String,java.lang.String,java.lang.String,java.lang.String,java.lang.String,java.lang.String,java.lang.String,java.lang.String,java.lang.String,java.lang.String,java.lang.String,java.lang.String,java.lang.String,java.lang.String,java.lang.String)[pri:0, instance:executionClasses.FormTest@dd8ba08]" started-at="2025-01-02T16:19:25 IST" name="test" data-provider="dp" finished-at="2025-01-02T16:19:29 IST" duration-ms="4121" status="PASS">
          <params>
            <param index="0">
              <value>
                <![CDATA[Harry]]>
              </value>
            </param>
            <param index="1">
              <value>
                <![CDATA[Potter]]>
              </value>
            </param>
            <param index="2">
              <value>
                <![CDATA[abc@]]>
              </value>
            </param>
            <param index="3">
              <value>
                <![CDATA[Male]]>
              </value>
            </param>
            <param index="4">
              <value>
                <![CDATA[7896541236]]>
              </value>
            </param>
            <param index="5">
              <value>
                <![CDATA[Accounting]]>
              </value>
            </param>
            <param index="6">
              <value>
                <![CDATA[TRUE]]>
              </value>
            </param>
            <param index="7">
              <value>
                <![CDATA[TRUE]]>
              </value>
            </param>
            <param index="8">
              <value>
                <![CDATA[TRUE]]>
              </value>
            </param>
            <param index="9">
              <value>
                <![CDATA[2000]]>
              </value>
            </param>
            <param index="10">
              <value>
                <![CDATA[February]]>
              </value>
            </param>
            <param index="11">
              <value>
                <![CDATA[10]]>
              </value>
            </param>
            <param index="12">
              <value>
                <![CDATA[./File//image2.png]]>
              </value>
            </param>
            <param index="13">
              <value>
                <![CDATA[bhimavaram]]>
              </value>
            </param>
            <param index="14">
              <value>
                <![CDATA[Haryana]]>
              </value>
            </param>
            <param index="15">
              <value>
                <![CDATA[Panipat]]>
              </value>
            </param>
          </params>
          <reporter-output>
          </reporter-output>
        </test-method> <!-- test -->
        <test-method is-config="true" signature="close()[pri:0, instance:executionClasses.FormTest@dd8ba08]" started-at="2025-01-02T16:19:29 IST" name="close" finished-at="2025-01-02T16:19:29 IST" duration-ms="156" status="PASS">
          <reporter-output>
          </reporter-output>
        </test-method> <!-- close -->
        <test-method is-config="true" signature="loadBrowser()[pri:0, instance:executionClasses.FormTest@dd8ba08]" started-at="2025-01-02T16:19:29 IST" name="loadBrowser" finished-at="2025-01-02T16:19:34 IST" duration-ms="5043" status="PASS">
          <reporter-output>
          </reporter-output>
        </test-method> <!-- loadBrowser -->
        <test-method signature="test(java.lang.String,java.lang.String,java.lang.String,java.lang.String,java.lang.String,java.lang.String,java.lang.String,java.lang.String,java.lang.String,java.lang.String,java.lang.String,java.lang.String,java.lang.String,java.lang.String,java.lang.String,java.lang.String)[pri:0, instance:executionClasses.FormTest@dd8ba08]" started-at="2025-01-02T16:19:34 IST" name="test" data-provider="dp" finished-at="2025-01-02T16:19:38 IST" duration-ms="4011" status="PASS">
          <params>
            <param index="0">
              <value>
                <![CDATA[Harry]]>
              </value>
            </param>
            <param index="1">
              <value>
                <![CDATA[]]>
              </value>
            </param>
            <param index="2">
              <value>
                <![CDATA[abc@]]>
              </value>
            </param>
            <param index="3">
              <value>
                <![CDATA[Male]]>
              </value>
            </param>
            <param index="4">
              <value>
                <![CDATA[7896541236]]>
              </value>
            </param>
            <param index="5">
              <value>
                <![CDATA[Accounting]]>
              </value>
            </param>
            <param index="6">
              <value>
                <![CDATA[TRUE]]>
              </value>
            </param>
            <param index="7">
              <value>
                <![CDATA[TRUE]]>
              </value>
            </param>
            <param index="8">
              <value>
                <![CDATA[TRUE]]>
              </value>
            </param>
            <param index="9">
              <value>
                <![CDATA[2000]]>
              </value>
            </param>
            <param index="10">
              <value>
                <![CDATA[March]]>
              </value>
            </param>
            <param index="11">
              <value>
                <![CDATA[9]]>
              </value>
            </param>
            <param index="12">
              <value>
                <![CDATA[./File//image2.png]]>
              </value>
            </param>
            <param index="13">
              <value>
                <![CDATA[bhimavaram]]>
              </value>
            </param>
            <param index="14">
              <value>
                <![CDATA[Haryana]]>
              </value>
            </param>
            <param index="15">
              <value>
                <![CDATA[Panipat]]>
              </value>
            </param>
          </params>
          <reporter-output>
          </reporter-output>
        </test-method> <!-- test -->
        <test-method is-config="true" signature="close()[pri:0, instance:executionClasses.FormTest@dd8ba08]" started-at="2025-01-02T16:19:38 IST" name="close" finished-at="2025-01-02T16:19:39 IST" duration-ms="149" status="PASS">
          <reporter-output>
          </reporter-output>
        </test-method> <!-- close -->
        <test-method is-config="true" signature="loadBrowser()[pri:0, instance:executionClasses.FormTest@dd8ba08]" started-at="2025-01-02T16:19:39 IST" name="loadBrowser" finished-at="2025-01-02T16:19:45 IST" duration-ms="6821" status="PASS">
          <reporter-output>
          </reporter-output>
        </test-method> <!-- loadBrowser -->
        <test-method signature="test(java.lang.String,java.lang.String,java.lang.String,java.lang.String,java.lang.String,java.lang.String,java.lang.String,java.lang.String,java.lang.String,java.lang.String,java.lang.String,java.lang.String,java.lang.String,java.lang.String,java.lang.String,java.lang.String)[pri:0, instance:executionClasses.FormTest@dd8ba08]" started-at="2025-01-02T16:19:45 IST" name="test" data-provider="dp" finished-at="2025-01-02T16:19:49 IST" duration-ms="3939" status="PASS">
          <params>
            <param index="0">
              <value>
                <![CDATA[Harry]]>
              </value>
            </param>
            <param index="1">
              <value>
                <![CDATA[Potter]]>
              </value>
            </param>
            <param index="2">
              <value>
                <![CDATA[abc@]]>
              </value>
            </param>
            <param index="3">
              <value>
                <![CDATA[]]>
              </value>
            </param>
            <param index="4">
              <value>
                <![CDATA[7896541236]]>
              </value>
            </param>
            <param index="5">
              <value>
                <![CDATA[Accounting]]>
              </value>
            </param>
            <param index="6">
              <value>
                <![CDATA[TRUE]]>
              </value>
            </param>
            <param index="7">
              <value>
                <![CDATA[TRUE]]>
              </value>
            </param>
            <param index="8">
              <value>
                <![CDATA[TRUE]]>
              </value>
            </param>
            <param index="9">
              <value>
                <![CDATA[1999]]>
              </value>
            </param>
            <param index="10">
              <value>
                <![CDATA[January]]>
              </value>
            </param>
            <param index="11">
              <value>
                <![CDATA[10]]>
              </value>
            </param>
            <param index="12">
              <value>
                <![CDATA[./File//image2.png]]>
              </value>
            </param>
            <param index="13">
              <value>
                <![CDATA[bhimavaram]]>
              </value>
            </param>
            <param index="14">
              <value>
                <![CDATA[Haryana]]>
              </value>
            </param>
            <param index="15">
              <value>
                <![CDATA[Panipat]]>
              </value>
            </param>
          </params>
          <reporter-output>
          </reporter-output>
        </test-method> <!-- test -->
        <test-method is-config="true" signature="close()[pri:0, instance:executionClasses.FormTest@dd8ba08]" started-at="2025-01-02T16:19:49 IST" name="close" finished-at="2025-01-02T16:19:49 IST" duration-ms="133" status="PASS">
          <reporter-output>
          </reporter-output>
        </test-method> <!-- close -->
        <test-method is-config="true" signature="loadBrowser()[pri:0, instance:executionClasses.FormTest@dd8ba08]" started-at="2025-01-02T16:19:49 IST" name="loadBrowser" finished-at="2025-01-02T16:19:54 IST" duration-ms="5097" status="PASS">
          <reporter-output>
          </reporter-output>
        </test-method> <!-- loadBrowser -->
        <test-method signature="test(java.lang.String,java.lang.String,java.lang.String,java.lang.String,java.lang.String,java.lang.String,java.lang.String,java.lang.String,java.lang.String,java.lang.String,java.lang.String,java.lang.String,java.lang.String,java.lang.String,java.lang.String,java.lang.String)[pri:0, instance:executionClasses.FormTest@dd8ba08]" started-at="2025-01-02T16:19:54 IST" name="test" data-provider="dp" finished-at="2025-01-02T16:19:59 IST" duration-ms="4207" status="PASS">
          <params>
            <param index="0">
              <value>
                <![CDATA[Harry]]>
              </value>
            </param>
            <param index="1">
              <value>
                <![CDATA[Potter]]>
              </value>
            </param>
            <param index="2">
              <value>
                <![CDATA[abc@]]>
              </value>
            </param>
            <param index="3">
              <value>
                <![CDATA[Female]]>
              </value>
            </param>
            <param index="4">
              <value>
                <![CDATA[7896541236]]>
              </value>
            </param>
            <param index="5">
              <value>
                <![CDATA[]]>
              </value>
            </param>
            <param index="6">
              <value>
                <![CDATA[TRUE]]>
              </value>
            </param>
            <param index="7">
              <value>
                <![CDATA[TRUE]]>
              </value>
            </param>
            <param index="8">
              <value>
                <![CDATA[TRUE]]>
              </value>
            </param>
            <param index="9">
              <value>
                <![CDATA[2000]]>
              </value>
            </param>
            <param index="10">
              <value>
                <![CDATA[February]]>
              </value>
            </param>
            <param index="11">
              <value>
                <![CDATA[10]]>
              </value>
            </param>
            <param index="12">
              <value>
                <![CDATA[./File//image2.png]]>
              </value>
            </param>
            <param index="13">
              <value>
                <![CDATA[bhimavaram]]>
              </value>
            </param>
            <param index="14">
              <value>
                <![CDATA[Haryana]]>
              </value>
            </param>
            <param index="15">
              <value>
                <![CDATA[Panipat]]>
              </value>
            </param>
          </params>
          <reporter-output>
          </reporter-output>
        </test-method> <!-- test -->
        <test-method is-config="true" signature="close()[pri:0, instance:executionClasses.FormTest@dd8ba08]" started-at="2025-01-02T16:19:59 IST" name="close" finished-at="2025-01-02T16:19:59 IST" duration-ms="143" status="PASS">
          <reporter-output>
          </reporter-output>
        </test-method> <!-- close -->
        <test-method is-config="true" signature="loadBrowser()[pri:0, instance:executionClasses.FormTest@dd8ba08]" started-at="2025-01-02T16:19:59 IST" name="loadBrowser" finished-at="2025-01-02T16:20:04 IST" duration-ms="5361" status="PASS">
          <reporter-output>
          </reporter-output>
        </test-method> <!-- loadBrowser -->
        <test-method signature="test(java.lang.String,java.lang.String,java.lang.String,java.lang.String,java.lang.String,java.lang.String,java.lang.String,java.lang.String,java.lang.String,java.lang.String,java.lang.String,java.lang.String,java.lang.String,java.lang.String,java.lang.String,java.lang.String)[pri:0, instance:executionClasses.FormTest@dd8ba08]" started-at="2025-01-02T16:20:04 IST" name="test" data-provider="dp" finished-at="2025-01-02T16:20:08 IST" duration-ms="3811" status="PASS">
          <params>
            <param index="0">
              <value>
                <![CDATA[Harry]]>
              </value>
            </param>
            <param index="1">
              <value>
                <![CDATA[Potter]]>
              </value>
            </param>
            <param index="2">
              <value>
                <![CDATA[abc@]]>
              </value>
            </param>
            <param index="3">
              <value>
                <![CDATA[Male]]>
              </value>
            </param>
            <param index="4">
              <value>
                <![CDATA[7896541236]]>
              </value>
            </param>
            <param index="5">
              <value>
                <![CDATA[Accounting]]>
              </value>
            </param>
            <param index="6">
              <value>
                <![CDATA[]]>
              </value>
            </param>
            <param index="7">
              <value>
                <![CDATA[TRUE]]>
              </value>
            </param>
            <param index="8">
              <value>
                <![CDATA[TRUE]]>
              </value>
            </param>
            <param index="9">
              <value>
                <![CDATA[2001]]>
              </value>
            </param>
            <param index="10">
              <value>
                <![CDATA[March]]>
              </value>
            </param>
            <param index="11">
              <value>
                <![CDATA[10]]>
              </value>
            </param>
            <param index="12">
              <value>
                <![CDATA[./File//image2.png]]>
              </value>
            </param>
            <param index="13">
              <value>
                <![CDATA[bhimavaram]]>
              </value>
            </param>
            <param index="14">
              <value>
                <![CDATA[Haryana]]>
              </value>
            </param>
            <param index="15">
              <value>
                <![CDATA[Panipat]]>
              </value>
            </param>
          </params>
          <reporter-output>
          </reporter-output>
        </test-method> <!-- test -->
        <test-method is-config="true" signature="close()[pri:0, instance:executionClasses.FormTest@dd8ba08]" started-at="2025-01-02T16:20:08 IST" name="close" finished-at="2025-01-02T16:20:08 IST" duration-ms="139" status="PASS">
          <reporter-output>
          </reporter-output>
        </test-method> <!-- close -->
        <test-method is-config="true" signature="loadBrowser()[pri:0, instance:executionClasses.FormTest@dd8ba08]" started-at="2025-01-02T16:20:08 IST" name="loadBrowser" finished-at="2025-01-02T16:20:14 IST" duration-ms="5863" status="PASS">
          <reporter-output>
          </reporter-output>
        </test-method> <!-- loadBrowser -->
        <test-method signature="test(java.lang.String,java.lang.String,java.lang.String,java.lang.String,java.lang.String,java.lang.String,java.lang.String,java.lang.String,java.lang.String,java.lang.String,java.lang.String,java.lang.String,java.lang.String,java.lang.String,java.lang.String,java.lang.String)[pri:0, instance:executionClasses.FormTest@dd8ba08]" started-at="2025-01-02T16:20:14 IST" name="test" data-provider="dp" finished-at="2025-01-02T16:20:18 IST" duration-ms="3965" status="PASS">
          <params>
            <param index="0">
              <value>
                <![CDATA[]]>
              </value>
            </param>
            <param index="1">
              <value>
                <![CDATA[Potter]]>
              </value>
            </param>
            <param index="2">
              <value>
                <![CDATA[abc@]]>
              </value>
            </param>
            <param index="3">
              <value>
                <![CDATA[Male]]>
              </value>
            </param>
            <param index="4">
              <value>
                <![CDATA[7896541236]]>
              </value>
            </param>
            <param index="5">
              <value>
                <![CDATA[Computer Science]]>
              </value>
            </param>
            <param index="6">
              <value>
                <![CDATA[TRUE]]>
              </value>
            </param>
            <param index="7">
              <value>
                <![CDATA[]]>
              </value>
            </param>
            <param index="8">
              <value>
                <![CDATA[TRUE]]>
              </value>
            </param>
            <param index="9">
              <value>
                <![CDATA[2000]]>
              </value>
            </param>
            <param index="10">
              <value>
                <![CDATA[April]]>
              </value>
            </param>
            <param index="11">
              <value>
                <![CDATA[10]]>
              </value>
            </param>
            <param index="12">
              <value>
                <![CDATA[./File//image2.png]]>
              </value>
            </param>
            <param index="13">
              <value>
                <![CDATA[bhimavaram]]>
              </value>
            </param>
            <param index="14">
              <value>
                <![CDATA[Haryana]]>
              </value>
            </param>
            <param index="15">
              <value>
                <![CDATA[Panipat]]>
              </value>
            </param>
          </params>
          <reporter-output>
          </reporter-output>
        </test-method> <!-- test -->
        <test-method is-config="true" signature="close()[pri:0, instance:executionClasses.FormTest@dd8ba08]" started-at="2025-01-02T16:20:18 IST" name="close" finished-at="2025-01-02T16:20:18 IST" duration-ms="143" status="PASS">
          <reporter-output>
          </reporter-output>
        </test-method> <!-- close -->
        <test-method is-config="true" signature="loadBrowser()[pri:0, instance:executionClasses.FormTest@dd8ba08]" started-at="2025-01-02T16:20:18 IST" name="loadBrowser" finished-at="2025-01-02T16:20:23 IST" duration-ms="5193" status="PASS">
          <reporter-output>
          </reporter-output>
        </test-method> <!-- loadBrowser -->
        <test-method signature="test(java.lang.String,java.lang.String,java.lang.String,java.lang.String,java.lang.String,java.lang.String,java.lang.String,java.lang.String,java.lang.String,java.lang.String,java.lang.String,java.lang.String,java.lang.String,java.lang.String,java.lang.String,java.lang.String)[pri:0, instance:executionClasses.FormTest@dd8ba08]" started-at="2025-01-02T16:20:23 IST" name="test" data-provider="dp" finished-at="2025-01-02T16:20:27 IST" duration-ms="3988" status="PASS">
          <params>
            <param index="0">
              <value>
                <![CDATA[Harry]]>
              </value>
            </param>
            <param index="1">
              <value>
                <![CDATA[Potter]]>
              </value>
            </param>
            <param index="2">
              <value>
                <![CDATA[abc@]]>
              </value>
            </param>
            <param index="3">
              <value>
                <![CDATA[Male]]>
              </value>
            </param>
            <param index="4">
              <value>
                <![CDATA[7896541236]]>
              </value>
            </param>
            <param index="5">
              <value>
                <![CDATA[Computer Science]]>
              </value>
            </param>
            <param index="6">
              <value>
                <![CDATA[TRUE]]>
              </value>
            </param>
            <param index="7">
              <value>
                <![CDATA[TRUE]]>
              </value>
            </param>
            <param index="8">
              <value>
                <![CDATA[]]>
              </value>
            </param>
            <param index="9">
              <value>
                <![CDATA[2000]]>
              </value>
            </param>
            <param index="10">
              <value>
                <![CDATA[May]]>
              </value>
            </param>
            <param index="11">
              <value>
                <![CDATA[10]]>
              </value>
            </param>
            <param index="12">
              <value>
                <![CDATA[./File//image2.png]]>
              </value>
            </param>
            <param index="13">
              <value>
                <![CDATA[bhimavaram]]>
              </value>
            </param>
            <param index="14">
              <value>
                <![CDATA[Haryana]]>
              </value>
            </param>
            <param index="15">
              <value>
                <![CDATA[Panipat]]>
              </value>
            </param>
          </params>
          <reporter-output>
          </reporter-output>
        </test-method> <!-- test -->
        <test-method is-config="true" signature="close()[pri:0, instance:executionClasses.FormTest@dd8ba08]" started-at="2025-01-02T16:20:27 IST" name="close" finished-at="2025-01-02T16:20:27 IST" duration-ms="122" status="PASS">
          <reporter-output>
          </reporter-output>
        </test-method> <!-- close -->
        <test-method is-config="true" signature="loadBrowser()[pri:0, instance:executionClasses.FormTest@dd8ba08]" started-at="2025-01-02T16:20:27 IST" name="loadBrowser" finished-at="2025-01-02T16:20:32 IST" duration-ms="4950" status="PASS">
          <reporter-output>
          </reporter-output>
        </test-method> <!-- loadBrowser -->
        <test-method signature="test(java.lang.String,java.lang.String,java.lang.String,java.lang.String,java.lang.String,java.lang.String,java.lang.String,java.lang.String,java.lang.String,java.lang.String,java.lang.String,java.lang.String,java.lang.String,java.lang.String,java.lang.String,java.lang.String)[pri:0, instance:executionClasses.FormTest@dd8ba08]" started-at="2025-01-02T16:20:32 IST" name="test" data-provider="dp" finished-at="2025-01-02T16:20:37 IST" duration-ms="4146" status="PASS">
          <params>
            <param index="0">
              <value>
                <![CDATA[Harry]]>
              </value>
            </param>
            <param index="1">
              <value>
                <![CDATA[Potter]]>
              </value>
            </param>
            <param index="2">
              <value>
                <![CDATA[abc@]]>
              </value>
            </param>
            <param index="3">
              <value>
                <![CDATA[Male]]>
              </value>
            </param>
            <param index="4">
              <value>
                <![CDATA[7896541236]]>
              </value>
            </param>
            <param index="5">
              <value>
                <![CDATA[Computer Science]]>
              </value>
            </param>
            <param index="6">
              <value>
                <![CDATA[TRUE]]>
              </value>
            </param>
            <param index="7">
              <value>
                <![CDATA[TRUE]]>
              </value>
            </param>
            <param index="8">
              <value>
                <![CDATA[TRUE]]>
              </value>
            </param>
            <param index="9">
              <value>
                <![CDATA[2000]]>
              </value>
            </param>
            <param index="10">
              <value>
                <![CDATA[June]]>
              </value>
            </param>
            <param index="11">
              <value>
                <![CDATA[10]]>
              </value>
            </param>
            <param index="12">
              <value>
                <![CDATA[]]>
              </value>
            </param>
            <param index="13">
              <value>
                <![CDATA[bhimavaram]]>
              </value>
            </param>
            <param index="14">
              <value>
                <![CDATA[Haryana]]>
              </value>
            </param>
            <param index="15">
              <value>
                <![CDATA[Panipat]]>
              </value>
            </param>
          </params>
          <reporter-output>
          </reporter-output>
        </test-method> <!-- test -->
        <test-method is-config="true" signature="close()[pri:0, instance:executionClasses.FormTest@dd8ba08]" started-at="2025-01-02T16:20:37 IST" name="close" finished-at="2025-01-02T16:20:37 IST" duration-ms="157" status="PASS">
          <reporter-output>
          </reporter-output>
        </test-method> <!-- close -->
        <test-method is-config="true" signature="loadBrowser()[pri:0, instance:executionClasses.FormTest@dd8ba08]" started-at="2025-01-02T16:20:37 IST" name="loadBrowser" finished-at="2025-01-02T16:20:42 IST" duration-ms="4868" status="PASS">
          <reporter-output>
          </reporter-output>
        </test-method> <!-- loadBrowser -->
        <test-method signature="test(java.lang.String,java.lang.String,java.lang.String,java.lang.String,java.lang.String,java.lang.String,java.lang.String,java.lang.String,java.lang.String,java.lang.String,java.lang.String,java.lang.String,java.lang.String,java.lang.String,java.lang.String,java.lang.String)[pri:0, instance:executionClasses.FormTest@dd8ba08]" started-at="2025-01-02T16:20:42 IST" name="test" data-provider="dp" finished-at="2025-01-02T16:20:46 IST" duration-ms="4867" status="PASS">
          <params>
            <param index="0">
              <value>
                <![CDATA[Harry]]>
              </value>
            </param>
            <param index="1">
              <value>
                <![CDATA[Potter]]>
              </value>
            </param>
            <param index="2">
              <value>
                <![CDATA[abc@]]>
              </value>
            </param>
            <param index="3">
              <value>
                <![CDATA[Male]]>
              </value>
            </param>
            <param index="4">
              <value>
                <![CDATA[7896541236]]>
              </value>
            </param>
            <param index="5">
              <value>
                <![CDATA[Accounting]]>
              </value>
            </param>
            <param index="6">
              <value>
                <![CDATA[TRUE]]>
              </value>
            </param>
            <param index="7">
              <value>
                <![CDATA[TRUE]]>
              </value>
            </param>
            <param index="8">
              <value>
                <![CDATA[TRUE]]>
              </value>
            </param>
            <param index="9">
              <value>
                <![CDATA[2000]]>
              </value>
            </param>
            <param index="10">
              <value>
                <![CDATA[July]]>
              </value>
            </param>
            <param index="11">
              <value>
                <![CDATA[1]]>
              </value>
            </param>
            <param index="12">
              <value>
                <![CDATA[./File//image2.png]]>
              </value>
            </param>
            <param index="13">
              <value>
                <![CDATA[]]>
              </value>
            </param>
            <param index="14">
              <value>
                <![CDATA[Haryana]]>
              </value>
            </param>
            <param index="15">
              <value>
                <![CDATA[Panipat]]>
              </value>
            </param>
          </params>
          <reporter-output>
          </reporter-output>
        </test-method> <!-- test -->
        <test-method is-config="true" signature="close()[pri:0, instance:executionClasses.FormTest@dd8ba08]" started-at="2025-01-02T16:20:46 IST" name="close" finished-at="2025-01-02T16:20:47 IST" duration-ms="160" status="PASS">
          <reporter-output>
          </reporter-output>
        </test-method> <!-- close -->
        <test-method is-config="true" signature="loadBrowser()[pri:0, instance:executionClasses.FormTest@dd8ba08]" started-at="2025-01-02T16:20:47 IST" name="loadBrowser" finished-at="2025-01-02T16:20:52 IST" duration-ms="5871" status="PASS">
          <reporter-output>
          </reporter-output>
        </test-method> <!-- loadBrowser -->
        <test-method signature="test(java.lang.String,java.lang.String,java.lang.String,java.lang.String,java.lang.String,java.lang.String,java.lang.String,java.lang.String,java.lang.String,java.lang.String,java.lang.String,java.lang.String,java.lang.String,java.lang.String,java.lang.String,java.lang.String)[pri:0, instance:executionClasses.FormTest@dd8ba08]" started-at="2025-01-02T16:20:52 IST" name="test" data-provider="dp" finished-at="2025-01-02T16:20:57 IST" duration-ms="4113" status="PASS">
          <params>
            <param index="0">
              <value>
                <![CDATA[Harry]]>
              </value>
            </param>
            <param index="1">
              <value>
                <![CDATA[Potter]]>
              </value>
            </param>
            <param index="2">
              <value>
                <![CDATA[abc@]]>
              </value>
            </param>
            <param index="3">
              <value>
                <![CDATA[Male]]>
              </value>
            </param>
            <param index="4">
              <value>
                <![CDATA[7896541236]]>
              </value>
            </param>
            <param index="5">
              <value>
                <![CDATA[Accounting]]>
              </value>
            </param>
            <param index="6">
              <value>
                <![CDATA[TRUE]]>
              </value>
            </param>
            <param index="7">
              <value>
                <![CDATA[TRUE]]>
              </value>
            </param>
            <param index="8">
              <value>
                <![CDATA[TRUE]]>
              </value>
            </param>
[...]
            </param>
            <param index="4">
              <value>
                <![CDATA[9874563214]]>
              </value>
            </param>
            <param index="5">
              <value>
                <![CDATA[]]>
              </value>
            </param>
            <param index="6">
              <value>
                <![CDATA[]]>
              </value>
            </param>
            <param index="7">
              <value>
                <![CDATA[]]>
              </value>
            </param>
            <param index="8">
              <value>
                <![CDATA[]]>
              </value>
            </param>
            <param index="9">
              <value>
                <![CDATA[2000]]>
              </value>
            </param>
            <param index="10">
              <value>
                <![CDATA[April]]>
              </value>
            </param>
            <param index="11">
              <value>
                <![CDATA[10]]>
              </value>
            </param>
            <param index="12">
              <value>
                <![CDATA[]]>
              </value>
            </param>
            <param index="13">
              <value>
                <![CDATA[bhimavaram,andhra pradesh]]>
              </value>
            </param>
            <param index="14">
              <value>
                <![CDATA[Telangana]]>
              </value>
            </param>
            <param index="15">
              <value>
                <![CDATA[]]>
              </value>
            </param>
          </params>
          <reporter-output>
          </reporter-output>
        </test-method> <!-- test -->
        <test-method is-config="true" signature="close()[pri:0, instance:executionClasses.FormTest@dd8ba08]" started-at="2025-01-02T16:48:46 IST" name="close" finished-at="2025-01-02T16:48:46 IST" duration-ms="157" status="PASS">
          <reporter-output>
          </reporter-output>
        </test-method> <!-- close -->
        <test-method is-config="true" signature="loadBrowser()[pri:0, instance:executionClasses.FormTest@dd8ba08]" started-at="2025-01-02T16:48:46 IST" name="loadBrowser" finished-at="2025-01-02T16:48:52 IST" duration-ms="5838" status="PASS">
          <reporter-output>
          </reporter-output>
        </test-method> <!-- loadBrowser -->
        <test-method signature="test(java.lang.String,java.lang.String,java.lang.String,java.lang.String,java.lang.String,java.lang.String,java.lang.String,java.lang.String,java.lang.String,java.lang.String,java.lang.String,java.lang.String,java.lang.String,java.lang.String,java.lang.String,java.lang.String)[pri:0, instance:executionClasses.FormTest@dd8ba08]" started-at="2025-01-02T16:48:52 IST" name="test" data-provider="dp" finished-at="2025-01-02T16:48:56 IST" duration-ms="4184" status="PASS">
          <params>
            <param index="0">
              <value>
                <![CDATA[]]>
              </value>
            </param>
            <param index="1">
              <value>
                <![CDATA[Potter]]>
              </value>
            </param>
            <param index="2">
              <value>
                <![CDATA[]]>
              </value>
            </param>
            <param index="3">
              <value>
                <![CDATA[Male]]>
              </value>
            </param>
            <param index="4">
              <value>
                <![CDATA[7852369841]]>
              </value>
            </param>
            <param index="5">
              <value>
                <![CDATA[Accounting]]>
              </value>
            </param>
            <param index="6">
              <value>
                <![CDATA[]]>
              </value>
            </param>
            <param index="7">
              <value>
                <![CDATA[]]>
              </value>
            </param>
            <param index="8">
              <value>
                <![CDATA[]]>
              </value>
            </param>
            <param index="9">
              <value>
                <![CDATA[2000]]>
              </value>
            </param>
            <param index="10">
              <value>
                <![CDATA[May]]>
              </value>
            </param>
            <param index="11">
              <value>
                <![CDATA[10]]>
              </value>
            </param>
            <param index="12">
              <value>
                <![CDATA[]]>
              </value>
            </param>
            <param index="13">
              <value>
                <![CDATA[bhimavaram,andhra pradesh]]>
              </value>
            </param>
            <param index="14">
              <value>
                <![CDATA[Telangana]]>
              </value>
            </param>
            <param index="15">
              <value>
                <![CDATA[]]>
              </value>
            </param>
          </params>
          <reporter-output>
          </reporter-output>
        </test-method> <!-- test -->
        <test-method is-config="true" signature="close()[pri:0, instance:executionClasses.FormTest@dd8ba08]" started-at="2025-01-02T16:48:56 IST" name="close" finished-at="2025-01-02T16:48:57 IST" duration-ms="162" status="PASS">
          <reporter-output>
          </reporter-output>
        </test-method> <!-- close -->
        <test-method is-config="true" signature="loadBrowser()[pri:0, instance:executionClasses.FormTest@dd8ba08]" started-at="2025-01-02T16:48:57 IST" name="loadBrowser" finished-at="2025-01-02T16:49:02 IST" duration-ms="5175" status="PASS">
          <reporter-output>
          </reporter-output>
        </test-method> <!-- loadBrowser -->
        <test-method signature="test(java.lang.String,java.lang.String,java.lang.String,java.lang.String,java.lang.String,java.lang.String,java.lang.String,java.lang.String,java.lang.String,java.lang.String,java.lang.String,java.lang.String,java.lang.String,java.lang.String,java.lang.String,java.lang.String)[pri:0, instance:executionClasses.FormTest@dd8ba08]" started-at="2025-01-02T16:49:02 IST" name="test" data-provider="dp" finished-at="2025-01-02T16:49:06 IST" duration-ms="4634" status="PASS">
          <params>
            <param index="0">
              <value>
                <![CDATA[]]>
              </value>
            </param>
            <param index="1">
              <value>
                <![CDATA[Potter]]>
              </value>
            </param>
            <param index="2">
              <value>
                <![CDATA[abc@gmail.com]]>
              </value>
            </param>
            <param index="3">
              <value>
                <![CDATA[Female]]>
              </value>
            </param>
            <param index="4">
              <value>
                <![CDATA[98563214756]]>
              </value>
            </param>
            <param index="5">
              <value>
                <![CDATA[Physics]]>
              </value>
            </param>
            <param index="6">
              <value>
                <![CDATA[]]>
              </value>
            </param>
            <param index="7">
              <value>
                <![CDATA[TRUE]]>
              </value>
            </param>
            <param index="8">
              <value>
                <![CDATA[TRUE]]>
              </value>
            </param>
            <param index="9">
              <value>
                <![CDATA[2000]]>
              </value>
            </param>
            <param index="10">
              <value>
                <![CDATA[June]]>
              </value>
            </param>
            <param index="11">
              <value>
                <![CDATA[10]]>
              </value>
            </param>
            <param index="12">
              <value>
                <![CDATA[]]>
              </value>
            </param>
            <param index="13">
              <value>
                <![CDATA[bhimavaram,andhra pradesh,West Godavari,India]]>
              </value>
            </param>
            <param index="14">
              <value>
                <![CDATA[]]>
              </value>
            </param>
            <param index="15">
              <value>
                <![CDATA[Hyderabad]]>
              </value>
            </param>
          </params>
          <reporter-output>
          </reporter-output>
        </test-method> <!-- test -->
        <test-method is-config="true" signature="close()[pri:0, instance:executionClasses.FormTest@dd8ba08]" started-at="2025-01-02T16:49:06 IST" name="close" finished-at="2025-01-02T16:49:07 IST" duration-ms="164" status="PASS">
          <reporter-output>
          </reporter-output>
        </test-method> <!-- close -->
        <test-method is-config="true" signature="loadBrowser()[pri:0, instance:executionClasses.FormTest@dd8ba08]" started-at="2025-01-02T16:49:07 IST" name="loadBrowser" finished-at="2025-01-02T16:49:12 IST" duration-ms="5937" status="PASS">
          <reporter-output>
          </reporter-output>
        </test-method> <!-- loadBrowser -->
        <test-method signature="test(java.lang.String,java.lang.String,java.lang.String,java.lang.String,java.lang.String,java.lang.String,java.lang.String,java.lang.String,java.lang.String,java.lang.String,java.lang.String,java.lang.String,java.lang.String,java.lang.String,java.lang.String,java.lang.String)[pri:0, instance:executionClasses.FormTest@dd8ba08]" started-at="2025-01-02T16:49:12 IST" name="test" data-provider="dp" finished-at="2025-01-02T16:49:16 IST" duration-ms="3288" status="PASS">
          <params>
            <param index="0">
              <value>
                <![CDATA[Harry]]>
              </value>
            </param>
            <param index="1">
              <value>
                <![CDATA[Potter]]>
              </value>
            </param>
            <param index="2">
              <value>
                <![CDATA[]]>
              </value>
            </param>
            <param index="3">
              <value>
                <![CDATA[Male]]>
              </value>
            </param>
            <param index="4">
              <value>
                <![CDATA[98563214756]]>
              </value>
            </param>
            <param index="5">
              <value>
                <![CDATA[Accounting]]>
              </value>
            </param>
            <param index="6">
              <value>
                <![CDATA[]]>
              </value>
            </param>
            <param index="7">
              <value>
                <![CDATA[]]>
              </value>
            </param>
            <param index="8">
              <value>
                <![CDATA[]]>
              </value>
            </param>
            <param index="9">
              <value>
                <![CDATA[2000]]>
              </value>
            </param>
            <param index="10">
              <value>
                <![CDATA[July]]>
              </value>
            </param>
            <param index="11">
              <value>
                <![CDATA[1]]>
              </value>
            </param>
            <param index="12">
              <value>
                <![CDATA[]]>
              </value>
            </param>
            <param index="13">
              <value>
                <![CDATA[bhimavaram]]>
              </value>
            </param>
            <param index="14">
              <value>
                <![CDATA[]]>
              </value>
            </param>
            <param index="15">
              <value>
                <![CDATA[Hyderabad]]>
              </value>
            </param>
          </params>
          <reporter-output>
          </reporter-output>
        </test-method> <!-- test -->
        <test-method is-config="true" signature="close()[pri:0, instance:executionClasses.FormTest@dd8ba08]" started-at="2025-01-02T16:49:16 IST" name="close" finished-at="2025-01-02T16:49:16 IST" duration-ms="157" status="PASS">
          <reporter-output>
          </reporter-output>
        </test-method> <!-- close -->
        <test-method is-config="true" signature="loadBrowser()[pri:0, instance:executionClasses.FormTest@dd8ba08]" started-at="2025-01-02T16:49:16 IST" name="loadBrowser" finished-at="2025-01-02T16:49:21 IST" duration-ms="4852" status="PASS">
          <reporter-output>
          </reporter-output>
        </test-method> <!-- loadBrowser -->
        <test-method signature="test(java.lang.String,java.lang.String,java.lang.String,java.lang.String,java.lang.String,java.lang.String,java.lang.String,java.lang.String,java.lang.String,java.lang.String,java.lang.String,java.lang.String,java.lang.String,java.lang.String,java.lang.String,java.lang.String)[pri:0, instance:executionClasses.FormTest@dd8ba08]" started-at="2025-01-02T16:49:21 IST" name="test" data-provider="dp" finished-at="2025-01-02T16:49:25 IST" duration-ms="4111" status="PASS">
          <params>
            <param index="0">
              <value>
                <![CDATA[Harry]]>
              </value>
            </param>
            <param index="1">
              <value>
                <![CDATA[]]>
              </value>
            </param>
            <param index="2">
              <value>
                <![CDATA[]]>
              </value>
            </param>
            <param index="3">
              <value>
                <![CDATA[Female]]>
              </value>
            </param>
            <param index="4">
              <value>
                <![CDATA[9874563214]]>
              </value>
            </param>
            <param index="5">
              <value>
                <![CDATA[]]>
              </value>
            </param>
            <param index="6">
              <value>
                <![CDATA[]]>
              </value>
            </param>
            <param index="7">
              <value>
                <![CDATA[]]>
              </value>
            </param>
            <param index="8">
              <value>
                <![CDATA[]]>
              </value>
            </param>
            <param index="9">
              <value>
                <![CDATA[2000]]>
              </value>
            </param>
            <param index="10">
              <value>
                <![CDATA[August]]>
              </value>
            </param>
            <param index="11">
              <value>
                <![CDATA[15]]>
              </value>
            </param>
            <param index="12">
              <value>
                <![CDATA[]]>
              </value>
            </param>
            <param index="13">
              <value>
                <![CDATA[bhimavaram,andhra pradesh]]>
              </value>
            </param>
            <param index="14">
              <value>
                <![CDATA[]]>
              </value>
            </param>
            <param index="15">
              <value>
                <![CDATA[Hyderabad]]>
              </value>
            </param>
          </params>
          <reporter-output>
          </reporter-output>
        </test-method> <!-- test -->
        <test-method is-config="true" signature="close()[pri:0, instance:executionClasses.FormTest@dd8ba08]" started-at="2025-01-02T16:49:25 IST" name="close" finished-at="2025-01-02T16:49:25 IST" duration-ms="166" status="PASS">
          <reporter-output>
          </reporter-output>
        </test-method> <!-- close -->
        <test-method is-config="true" signature="loadBrowser()[pri:0, instance:executionClasses.FormTest@dd8ba08]" started-at="2025-01-02T16:49:25 IST" name="loadBrowser" finished-at="2025-01-02T16:49:30 IST" duration-ms="5349" status="PASS">
          <reporter-output>
          </reporter-output>
        </test-method> <!-- loadBrowser -->
        <test-method signature="test(java.lang.String,java.lang.String,java.lang.String,java.lang.String,java.lang.String,java.lang.String,java.lang.String,java.lang.String,java.lang.String,java.lang.String,java.lang.String,java.lang.String,java.lang.String,java.lang.String,java.lang.String,java.lang.String)[pri:0, instance:executionClasses.FormTest@dd8ba08]" started-at="2025-01-02T16:49:30 IST" name="test" data-provider="dp" finished-at="2025-01-02T16:49:35 IST" duration-ms="4124" status="PASS">
          <params>
            <param index="0">
              <value>
                <![CDATA[]]>
              </value>
            </param>
            <param index="1">
              <value>
                <![CDATA[Potter]]>
              </value>
            </param>
            <param index="2">
              <value>
                <![CDATA[]]>
              </value>
            </param>
            <param index="3">
              <value>
                <![CDATA[Male]]>
              </value>
            </param>
            <param index="4">
              <value>
                <![CDATA[7852369841]]>
              </value>
            </param>
            <param index="5">
              <value>
                <![CDATA[Accounting]]>
              </value>
            </param>
            <param index="6">
              <value>
                <![CDATA[]]>
              </value>
            </param>
            <param index="7">
              <value>
                <![CDATA[]]>
              </value>
            </param>
            <param index="8">
              <value>
                <![CDATA[]]>
              </value>
            </param>
            <param index="9">
              <value>
                <![CDATA[2000]]>
              </value>
            </param>
            <param index="10">
              <value>
                <![CDATA[September]]>
              </value>
            </param>
            <param index="11">
              <value>
                <![CDATA[25]]>
              </value>
            </param>
            <param index="12">
              <value>
                <![CDATA[]]>
              </value>
            </param>
            <param index="13">
              <value>
                <![CDATA[bhimavaram,andhra pradesh]]>
              </value>
            </param>
            <param index="14">
              <value>
                <![CDATA[]]>
              </value>
            </param>
            <param index="15">
              <value>
                <![CDATA[Hyderabad]]>
              </value>
            </param>
          </params>
          <reporter-output>
          </reporter-output>
        </test-method> <!-- test -->
        <test-method is-config="true" signature="close()[pri:0, instance:executionClasses.FormTest@dd8ba08]" started-at="2025-01-02T16:49:35 IST" name="close" finished-at="2025-01-02T16:49:35 IST" duration-ms="133" status="PASS">
          <reporter-output>
          </reporter-output>
        </test-method> <!-- close -->
        <test-method is-config="true" signature="after()[pri:0, instance:executionClasses.FormTest@dd8ba08]" started-at="2025-01-02T16:49:35 IST" name="after" finished-at="2025-01-02T16:49:35 IST" duration-ms="279" status="PASS">
          <reporter-output>
          </reporter-output>
        </test-method> <!-- after -->
      </class> <!-- executionClasses.FormTest -->
    </test> <!-- Default test -->
  </suite> <!-- Default suite -->
</testng-results>
